<?xml version="1.0" encoding="UTF-8"?>
<!-- Generated by org.testng.reporters.JUnitXMLReporter -->
<testsuite hostname="LAPTOP-K7GL68QH" ignored="3" name="Test" tests="7" failures="1" timestamp="2022-10-07T11:02:18 IST" time="0.056" errors="0">
  <testcase name="tc01" time="0.007" classname="org.testng.TestngTask">
    <failure type="java.lang.AssertionError" message="expected [true] but found [false]">
      <![CDATA[java.lang.AssertionError: expected [true] but found [false]
at java.util.ArrayList.forEach(Unknown Source)
... Removed 32 stack frames]]>
    </failure>
  </testcase> <!-- tc01 -->
  <testcase name="tc04" time="0.001" classname="org.testng.TestngTask"/>
  <testcase name="tc07" time="0.001" classname="org.testng.TestngTask"/>
  <testcase name="tc10" time="0.0" classname="org.testng.TestngTask"/>
  <testcase name="tc05" time="0.0" classname="org.testng.TestngTask"/>
  <testcase name="tc08" time="0.0" classname="org.testng.TestngTask"/>
  <testcase name="tc02" time="0.0" classname="org.testng.TestngTask">
    <skipped/>
  </testcase> <!-- tc02 -->
  <testcase name="tc09" time="0.0" classname="org.testng.TestngTask">
    <ignored/>
  </testcase> <!-- tc09 -->
  <testcase name="tc03" time="0.0" classname="org.testng.TestngTask">
    <ignored/>
  </testcase> <!-- tc03 -->
  <testcase name="tc06" time="0.0" classname="org.testng.TestngTask">
    <ignored/>
  </testcase> <!-- tc06 -->
</testsuite> <!-- Test -->
